<?xml version="1.0" encoding="UTF-8"?>
<testng-results skipped="4" failed="0" total="8" passed="4">
  <reporter-output>
  </reporter-output>
  <suite name="OrangeHRM" duration-ms="41921" started-at="2015-08-18T13:15:20Z" finished-at="2015-08-18T13:16:02Z">
    <groups>
    </groups>
    <test name="On Chrome" duration-ms="32661" started-at="2015-08-18T13:15:20Z" finished-at="2015-08-18T13:15:53Z">
      <class name="com.orangehrm.testsuite.Logout">
        <test-method status="PASS" signature="logoutTest()[pri:0, instance:com.orangehrm.testsuite.Logout@165ef3ae]" name="logoutTest" duration-ms="8607" started-at="2015-08-18T06:15:44Z" finished-at="2015-08-18T06:15:53Z">
          <reporter-output>
          </reporter-output>
        </test-method> <!-- logoutTest -->
      </class> <!-- com.orangehrm.testsuite.Logout -->
      <class name="com.orangehrm.testsuite.TakeScreenshot">
        <test-method status="SKIP" signature="takingScrrenshot()[pri:0, instance:com.orangehrm.testsuite.TakeScreenshot@7d0144a]" name="takingScrrenshot" duration-ms="278" started-at="2015-08-18T06:15:44Z" finished-at="2015-08-18T06:15:44Z">
          <exception class="org.testng.SkipException">
            <message>
              <![CDATA[Screenshot test case skipped]]>
            </message>
            <full-stacktrace>
              <![CDATA[org.testng.SkipException: Screenshot test case skipped
	at com.orangehrm.testsuite.TakeScreenshot.takingScrrenshot(TakeScreenshot.java:16)
	at sun.reflect.NativeMethodAccessorImpl.invoke0(Native Method)
	at sun.reflect.NativeMethodAccessorImpl.invoke(Unknown Source)
	at sun.reflect.DelegatingMethodAccessorImpl.invoke(Unknown Source)
	at java.lang.reflect.Method.invoke(Unknown Source)
	at org.testng.internal.MethodInvocationHelper.invokeMethod(MethodInvocationHelper.java:84)
	at org.testng.internal.Invoker.invokeMethod(Invoker.java:714)
	at org.testng.internal.Invoker.invokeTestMethod(Invoker.java:901)
	at org.testng.internal.Invoker.invokeTestMethods(Invoker.java:1231)
	at org.testng.internal.TestMethodWorker.invokeTestMethods(TestMethodWorker.java:127)
	at org.testng.internal.TestMethodWorker.run(TestMethodWorker.java:111)
	at org.testng.TestRunner.privateRun(TestRunner.java:767)
	at org.testng.TestRunner.run(TestRunner.java:617)
	at org.testng.SuiteRunner.runTest(SuiteRunner.java:334)
	at org.testng.SuiteRunner.access$000(SuiteRunner.java:37)
	at org.testng.SuiteRunner$SuiteWorker.run(SuiteRunner.java:368)
	at org.testng.internal.thread.ThreadUtil$2.call(ThreadUtil.java:64)
	at java.util.concurrent.FutureTask.run(Unknown Source)
	at java.util.concurrent.ThreadPoolExecutor.runWorker(Unknown Source)
	at java.util.concurrent.ThreadPoolExecutor$Worker.run(Unknown Source)
	at java.lang.Thread.run(Unknown Source)
]]>
            </full-stacktrace>
          </exception> <!-- org.testng.SkipException -->
          <reporter-output>
          </reporter-output>
        </test-method> <!-- takingScrrenshot -->
      </class> <!-- com.orangehrm.testsuite.TakeScreenshot -->
      <class name="com.orangehrm.testsuite.AddEmployee">
        <test-method status="SKIP" signature="addEmployeeTest()[pri:0, instance:com.orangehrm.testsuite.AddEmployee@6de40a47]" name="addEmployeeTest" duration-ms="250" started-at="2015-08-18T06:15:43Z" finished-at="2015-08-18T06:15:44Z">
          <exception class="org.testng.SkipException">
            <message>
              <![CDATA[AddEmployee test case skipped]]>
            </message>
            <full-stacktrace>
              <![CDATA[org.testng.SkipException: AddEmployee test case skipped
	at com.orangehrm.testsuite.AddEmployee.addEmployeeTest(AddEmployee.java:17)
	at sun.reflect.NativeMethodAccessorImpl.invoke0(Native Method)
	at sun.reflect.NativeMethodAccessorImpl.invoke(Unknown Source)
	at sun.reflect.DelegatingMethodAccessorImpl.invoke(Unknown Source)
	at java.lang.reflect.Method.invoke(Unknown Source)
	at org.testng.internal.MethodInvocationHelper.invokeMethod(MethodInvocationHelper.java:84)
	at org.testng.internal.Invoker.invokeMethod(Invoker.java:714)
	at org.testng.internal.Invoker.invokeTestMethod(Invoker.java:901)
	at org.testng.internal.Invoker.invokeTestMethods(Invoker.java:1231)
	at org.testng.internal.TestMethodWorker.invokeTestMethods(TestMethodWorker.java:127)
	at org.testng.internal.TestMethodWorker.run(TestMethodWorker.java:111)
	at org.testng.TestRunner.privateRun(TestRunner.java:767)
	at org.testng.TestRunner.run(TestRunner.java:617)
	at org.testng.SuiteRunner.runTest(SuiteRunner.java:334)
	at org.testng.SuiteRunner.access$000(SuiteRunner.java:37)
	at org.testng.SuiteRunner$SuiteWorker.run(SuiteRunner.java:368)
	at org.testng.internal.thread.ThreadUtil$2.call(ThreadUtil.java:64)
	at java.util.concurrent.FutureTask.run(Unknown Source)
	at java.util.concurrent.ThreadPoolExecutor.runWorker(Unknown Source)
	at java.util.concurrent.ThreadPoolExecutor$Worker.run(Unknown Source)
	at java.lang.Thread.run(Unknown Source)
]]>
            </full-stacktrace>
          </exception> <!-- org.testng.SkipException -->
          <reporter-output>
          </reporter-output>
        </test-method> <!-- addEmployeeTest -->
      </class> <!-- com.orangehrm.testsuite.AddEmployee -->
      <class name="com.orangehrm.testsuite.Login">
        <test-method status="PASS" signature="loginTest(java.lang.String)[pri:0, instance:com.orangehrm.testsuite.Login@33d02ffb]" name="loginTest" duration-ms="23440" started-at="2015-08-18T06:15:20Z" finished-at="2015-08-18T06:15:43Z">
          <params>
            <param index="0">
              <value>
                <![CDATA[chrome]]>
              </value>
            </param>
          </params>
          <reporter-output>
          </reporter-output>
        </test-method> <!-- loginTest -->
      </class> <!-- com.orangehrm.testsuite.Login -->
    </test> <!-- On Chrome -->
    <test name="On Firefox" duration-ms="41888" started-at="2015-08-18T13:15:20Z" finished-at="2015-08-18T13:16:02Z">
      <class name="com.orangehrm.testsuite.Logout">
        <test-method status="PASS" signature="logoutTest()[pri:0, instance:com.orangehrm.testsuite.Logout@184e6efc]" name="logoutTest" duration-ms="1021" started-at="2015-08-18T06:16:01Z" finished-at="2015-08-18T06:16:02Z">
          <reporter-output>
          </reporter-output>
        </test-method> <!-- logoutTest -->
      </class> <!-- com.orangehrm.testsuite.Logout -->
      <class name="com.orangehrm.testsuite.TakeScreenshot">
        <test-method status="SKIP" signature="takingScrrenshot()[pri:0, instance:com.orangehrm.testsuite.TakeScreenshot@68f8fae4]" name="takingScrrenshot" duration-ms="154" started-at="2015-08-18T06:16:01Z" finished-at="2015-08-18T06:16:01Z">
          <exception class="org.testng.SkipException">
            <message>
              <![CDATA[Screenshot test case skipped]]>
            </message>
            <full-stacktrace>
              <![CDATA[org.testng.SkipException: Screenshot test case skipped
	at com.orangehrm.testsuite.TakeScreenshot.takingScrrenshot(TakeScreenshot.java:16)
	at sun.reflect.NativeMethodAccessorImpl.invoke0(Native Method)
	at sun.reflect.NativeMethodAccessorImpl.invoke(Unknown Source)
	at sun.reflect.DelegatingMethodAccessorImpl.invoke(Unknown Source)
	at java.lang.reflect.Method.invoke(Unknown Source)
	at org.testng.internal.MethodInvocationHelper.invokeMethod(MethodInvocationHelper.java:84)
	at org.testng.internal.Invoker.invokeMethod(Invoker.java:714)
	at org.testng.internal.Invoker.invokeTestMethod(Invoker.java:901)
	at org.testng.internal.Invoker.invokeTestMethods(Invoker.java:1231)
	at org.testng.internal.TestMethodWorker.invokeTestMethods(TestMethodWorker.java:127)
	at org.testng.internal.TestMethodWorker.run(TestMethodWorker.java:111)
	at org.testng.TestRunner.privateRun(TestRunner.java:767)
	at org.testng.TestRunner.run(TestRunner.java:617)
	at org.testng.SuiteRunner.runTest(SuiteRunner.java:334)
	at org.testng.SuiteRunner.access$000(SuiteRunner.java:37)
	at org.testng.SuiteRunner$SuiteWorker.run(SuiteRunner.java:368)
	at org.testng.internal.thread.ThreadUtil$2.call(ThreadUtil.java:64)
	at java.util.concurrent.FutureTask.run(Unknown Source)
	at java.util.concurrent.ThreadPoolExecutor.runWorker(Unknown Source)
	at java.util.concurrent.ThreadPoolExecutor$Worker.run(Unknown Source)
	at java.lang.Thread.run(Unknown Source)
]]>
            </full-stacktrace>
          </exception> <!-- org.testng.SkipException -->
          <reporter-output>
          </reporter-output>
        </test-method> <!-- takingScrrenshot -->
      </class> <!-- com.orangehrm.testsuite.TakeScreenshot -->
      <class name="com.orangehrm.testsuite.AddEmployee">
        <test-method status="SKIP" signature="addEmployeeTest()[pri:0, instance:com.orangehrm.testsuite.AddEmployee@2cce3e17]" name="addEmployeeTest" duration-ms="153" started-at="2015-08-18T06:16:01Z" finished-at="2015-08-18T06:16:01Z">
          <exception class="org.testng.SkipException">
            <message>
              <![CDATA[AddEmployee test case skipped]]>
            </message>
            <full-stacktrace>
              <![CDATA[org.testng.SkipException: AddEmployee test case skipped
	at com.orangehrm.testsuite.AddEmployee.addEmployeeTest(AddEmployee.java:17)
	at sun.reflect.NativeMethodAccessorImpl.invoke0(Native Method)
	at sun.reflect.NativeMethodAccessorImpl.invoke(Unknown Source)
	at sun.reflect.DelegatingMethodAccessorImpl.invoke(Unknown Source)
	at java.lang.reflect.Method.invoke(Unknown Source)
	at org.testng.internal.MethodInvocationHelper.invokeMethod(MethodInvocationHelper.java:84)
	at org.testng.internal.Invoker.invokeMethod(Invoker.java:714)
	at org.testng.internal.Invoker.invokeTestMethod(Invoker.java:901)
	at org.testng.internal.Invoker.invokeTestMethods(Invoker.java:1231)
	at org.testng.internal.TestMethodWorker.invokeTestMethods(TestMethodWorker.java:127)
	at org.testng.internal.TestMethodWorker.run(TestMethodWorker.java:111)
	at org.testng.TestRunner.privateRun(TestRunner.java:767)
	at org.testng.TestRunner.run(TestRunner.java:617)
	at org.testng.SuiteRunner.runTest(SuiteRunner.java:334)
	at org.testng.SuiteRunner.access$000(SuiteRunner.java:37)
	at org.testng.SuiteRunner$SuiteWorker.run(SuiteRunner.java:368)
	at org.testng.internal.thread.ThreadUtil$2.call(ThreadUtil.java:64)
	at java.util.concurrent.FutureTask.run(Unknown Source)
	at java.util.concurrent.ThreadPoolExecutor.runWorker(Unknown Source)
	at java.util.concurrent.ThreadPoolExecutor$Worker.run(Unknown Source)
	at java.lang.Thread.run(Unknown Source)
]]>
            </full-stacktrace>
          </exception> <!-- org.testng.SkipException -->
          <reporter-output>
          </reporter-output>
        </test-method> <!-- addEmployeeTest -->
      </class> <!-- com.orangehrm.testsuite.AddEmployee -->
      <class name="com.orangehrm.testsuite.Login">
        <test-method status="PASS" signature="loginTest(java.lang.String)[pri:0, instance:com.orangehrm.testsuite.Login@45586edb]" name="loginTest" duration-ms="40512" started-at="2015-08-18T06:15:20Z" finished-at="2015-08-18T06:16:01Z">
          <params>
            <param index="0">
              <value>
                <![CDATA[firefox]]>
              </value>
            </param>
          </params>
          <reporter-output>
          </reporter-output>
        </test-method> <!-- loginTest -->
      </class> <!-- com.orangehrm.testsuite.Login -->
    </test> <!-- On Firefox -->
  </suite> <!-- OrangeHRM -->
</testng-results>
